Database initialized
node:events:486
      throw er; // Unhandled 'error' event
      ^

Error: listen EADDRINUSE: address already in use :::3003
    at Server.setupListenHandle [as _listen2] (node:net:1940:16)
    at listenInCluster (node:net:1997:12)
    at Server.listen (node:net:2102:7)
    at app.listen (C:\Users\hp\OneDrive\Desktop\Shivsrushti Boyz\node_modules\express\lib\application.js:635:24)
    at C:\Users\hp\OneDrive\Desktop\Shivsrushti Boyz\server.js:248:9
Emitted 'error' event on Server instance at:
    at emitErrorNT (node:net:1976:8)
    at process.processTicksAndRejections (node:internal/process/task_queues:89:21) {
  code: 'EADDRINUSE',
  errno: -4091,
  syscall: 'listen',
  address: '::',
  port: 3003
}

Node.js v24.13.0
Assertion failed: !(handle->flags & UV_HANDLE_CLOSING), file src\win\async.c, line 76
